<?xml version="1.0" encoding="UTF-8"?>
<!-- Generated by org.testng.reporters.JUnitReportReporter -->
<testsuite hostname="Veerendras-MBP.cust.communityfibre.co.uk" failures="0" tests="3" name="com.hollandbarrett.testcases.LoginPageTest" time="20.528" errors="0" timestamp="2024-03-28T17:28:39 GMT" skipped="0">
  <testcase classname="com.hollandbarrett.testcases.LoginPageTest" name="testValidLogin" time="8.523"/>
  <system-out/>
  <testcase classname="com.hollandbarrett.testcases.LoginPageTest" name="testInvalidLogin" time="6.199"/>
  <system-out/>
  <testcase classname="com.hollandbarrett.testcases.LoginPageTest" name="testsignupLink" time="5.806"/>
  <system-out/>
</testsuite> <!-- com.hollandbarrett.testcases.LoginPageTest -->
