<?xml version="1.0" encoding="UTF-8"?>
<!-- Generated by org.testng.reporters.JUnitReportReporter -->
<testsuite hostname="Veerendras-MBP.cust.communityfibre.co.uk" failures="0" tests="1" name="com.hollandbarrett.testcases.ProductPageTest" time="6.879" errors="0" timestamp="2024-03-26T20:34:15 GMT" skipped="0">
  <testcase classname="com.hollandbarrett.testcases.ProductPageTest" name="testAddProductTocart" time="6.879"/>
  <system-out/>
</testsuite> <!-- com.hollandbarrett.testcases.ProductPageTest -->
